# JRE version: OpenJDK Runtime Environment (7.0_79-b14) (build 1.7.0_79-b14)
# Java VM: OpenJDK 64-Bit Server VM (24.79-b02 mixed mode linux-amd64 compressed oops)
Heap
 PSYoungGen      total 125952K, used 48273K [0x00000000ec300000, 0x00000000f8980000, 0x0000000100000000)
  eden space 122368K, 37% used [0x00000000ec300000,0x00000000eefc44d8,0x00000000f3a80000)
  from space 3584K, 67% used [0x00000000f3a80000,0x00000000f3ce0000,0x00000000f3e00000)
  to   space 3584K, 0% used [0x00000000f8600000,0x00000000f8600000,0x00000000f8980000)
 ParOldGen       total 40448K, used 2232K [0x00000000c4a00000, 0x00000000c7180000, 0x00000000ec300000)
  object space 40448K, 5% used [0x00000000c4a00000,0x00000000c4c2e230,0x00000000c7180000)
 PSPermGen       total 21504K, used 11951K [0x00000000ba400000, 0x00000000bb900000, 0x00000000c4a00000)
  object space 21504K, 55% used [0x00000000ba400000,0x00000000bafabf98,0x00000000bb900000)
GC Heap History (10 events):
Event: 4,506 GC heap before
{Heap before GC invocations=5 (full 0):
 PSYoungGen      total 33280K, used 33122K [0x00000000ec300000, 0x00000000ee600000, 0x0000000100000000)
  eden space 30720K, 100% used [0x00000000ec300000,0x00000000ee100000,0x00000000ee100000)
  from space 2560K, 93% used [0x00000000ee380000,0x00000000ee5d8830,0x00000000ee600000)
  to   space 2560K, 0% used [0x00000000ee100000,0x00000000ee100000,0x00000000ee380000)
 ParOldGen       total 40448K, used 24K [0x00000000c4a00000, 0x00000000c7180000, 0x00000000ec300000)
  object space 40448K, 0% used [0x00000000c4a00000,0x00000000c4a06000,0x00000000c7180000)
 PSPermGen       total 21504K, used 11839K [0x00000000ba400000, 0x00000000bb900000, 0x00000000c4a00000)
  object space 21504K, 55% used [0x00000000ba400000,0x00000000baf8fd58,0x00000000bb900000)
Event: 4,539 GC heap after
Heap after GC invocations=5 (full 0):
 PSYoungGen      total 33280K, used 2546K [0x00000000ec300000, 0x00000000f0500000, 0x0000000100000000)
  eden space 30720K, 0% used [0x00000000ec300000,0x00000000ec300000,0x00000000ee100000)
  from space 2560K, 99% used [0x00000000ee100000,0x00000000ee37c820,0x00000000ee380000)
  to   space 3072K, 0% used [0x00000000f0200000,0x00000000f0200000,0x00000000f0500000)
 ParOldGen       total 40448K, used 152K [0x00000000c4a00000, 0x00000000c7180000, 0x00000000ec300000)
  object space 40448K, 0% used [0x00000000c4a00000,0x00000000c4a26000,0x00000000c7180000)
 PSPermGen       total 21504K, used 11839K [0x00000000ba400000, 0x00000000bb900000, 0x00000000c4a00000)
  object space 21504K, 55% used [0x00000000ba400000,0x00000000baf8fd58,0x00000000bb900000)
}
Event: 5,044 GC heap before
{Heap before GC invocations=6 (full 0):
 PSYoungGen      total 33280K, used 33266K [0x00000000ec300000, 0x00000000f0500000, 0x0000000100000000)
  eden space 30720K, 100% used [0x00000000ec300000,0x00000000ee100000,0x00000000ee100000)
  from space 2560K, 99% used [0x00000000ee100000,0x00000000ee37c820,0x00000000ee380000)
  to   space 3072K, 0% used [0x00000000f0200000,0x00000000f0200000,0x00000000f0500000)
 ParOldGen       total 40448K, used 152K [0x00000000c4a00000, 0x00000000c7180000, 0x00000000ec300000)
  object space 40448K, 0% used [0x00000000c4a00000,0x00000000c4a26000,0x00000000c7180000)
 PSPermGen       total 21504K, used 11881K [0x00000000ba400000, 0x00000000bb900000, 0x00000000c4a00000)
  object space 21504K, 55% used [0x00000000ba400000,0x00000000baf9a648,0x00000000bb900000)
Event: 5,113 GC heap after
Heap after GC invocations=6 (full 0):
 PSYoungGen      total 64512K, used 2882K [0x00000000ec300000, 0x00000000f0500000, 0x0000000100000000)
  eden space 61440K, 0% used [0x00000000ec300000,0x00000000ec300000,0x00000000eff00000)
  from space 3072K, 93% used [0x00000000f0200000,0x00000000f04d0830,0x00000000f0500000)
  to   space 3072K, 0% used [0x00000000eff00000,0x00000000eff00000,0x00000000f0200000)
 ParOldGen       total 40448K, used 160K [0x00000000c4a00000, 0x00000000c7180000, 0x00000000ec300000)
  object space 40448K, 0% used [0x00000000c4a00000,0x00000000c4a28000,0x00000000c7180000)
 PSPermGen       total 21504K, used 11881K [0x00000000ba400000, 0x00000000bb900000, 0x00000000c4a00000)
  object space 21504K, 55% used [0x00000000ba400000,0x00000000baf9a648,0x00000000bb900000)
}
Event: 5,964 GC heap before
{Heap before GC invocations=7 (full 0):
 PSYoungGen      total 64512K, used 64322K [0x00000000ec300000, 0x00000000f0500000, 0x0000000100000000)
  eden space 61440K, 100% used [0x00000000ec300000,0x00000000eff00000,0x00000000eff00000)
  from space 3072K, 93% used [0x00000000f0200000,0x00000000f04d0830,0x00000000f0500000)
  to   space 3072K, 0% used [0x00000000eff00000,0x00000000eff00000,0x00000000f0200000)
 ParOldGen       total 40448K, used 160K [0x00000000c4a00000, 0x00000000c7180000, 0x00000000ec300000)
  object space 40448K, 0% used [0x00000000c4a00000,0x00000000c4a28000,0x00000000c7180000)
 PSPermGen       total 21504K, used 11889K [0x00000000ba400000, 0x00000000bb900000, 0x00000000c4a00000)
  object space 21504K, 55% used [0x00000000ba400000,0x00000000baf9c780,0x00000000bb900000)
Event: 6,213 GC heap after
Heap after GC invocations=7 (full 0):
 PSYoungGen      total 64512K, used 1376K [0x00000000ec300000, 0x00000000f4100000, 0x0000000100000000)
  eden space 61440K, 0% used [0x00000000ec300000,0x00000000ec300000,0x00000000eff00000)
  from space 3072K, 44% used [0x00000000eff00000,0x00000000f0058000,0x00000000f0200000)
  to   space 3072K, 0% used [0x00000000f3e00000,0x00000000f3e00000,0x00000000f4100000)
 ParOldGen       total 40448K, used 2144K [0x00000000c4a00000, 0x00000000c7180000, 0x00000000ec300000)
  object space 40448K, 5% used [0x00000000c4a00000,0x00000000c4c18230,0x00000000c7180000)
 PSPermGen       total 21504K, used 11889K [0x00000000ba400000, 0x00000000bb900000, 0x00000000c4a00000)
  object space 21504K, 55% used [0x00000000ba400000,0x00000000baf9c780,0x00000000bb900000)
}
Event: 6,774 GC heap before
{Heap before GC invocations=8 (full 0):
 PSYoungGen      total 64512K, used 62816K [0x00000000ec300000, 0x00000000f4100000, 0x0000000100000000)
  eden space 61440K, 100% used [0x00000000ec300000,0x00000000eff00000,0x00000000eff00000)
  from space 3072K, 44% used [0x00000000eff00000,0x00000000f0058000,0x00000000f0200000)
  to   space 3072K, 0% used [0x00000000f3e00000,0x00000000f3e00000,0x00000000f4100000)
 ParOldGen       total 40448K, used 2144K [0x00000000c4a00000, 0x00000000c7180000, 0x00000000ec300000)
  object space 40448K, 5% used [0x00000000c4a00000,0x00000000c4c18230,0x00000000c7180000)
 PSPermGen       total 21504K, used 11902K [0x00000000ba400000, 0x00000000bb900000, 0x00000000c4a00000)
  object space 21504K, 55% used [0x00000000ba400000,0x00000000baf9f820,0x00000000bb900000)
Event: 6,799 GC heap after
Heap after GC invocations=8 (full 0):
 PSYoungGen      total 125440K, used 1440K [0x00000000ec300000, 0x00000000f4200000, 0x0000000100000000)
  eden space 122368K, 0% used [0x00000000ec300000,0x00000000ec300000,0x00000000f3a80000)
  from space 3072K, 46% used [0x00000000f3e00000,0x00000000f3f68000,0x00000000f4100000)
  to   space 3584K, 0% used [0x00000000f3a80000,0x00000000f3a80000,0x00000000f3e00000)
 ParOldGen       total 40448K, used 2184K [0x00000000c4a00000, 0x00000000c7180000, 0x00000000ec300000)
  object space 40448K, 5% used [0x00000000c4a00000,0x00000000c4c22230,0x00000000c7180000)
 PSPermGen       total 21504K, used 11902K [0x00000000ba400000, 0x00000000bb900000, 0x00000000c4a00000)
  object space 21504K, 55% used [0x00000000ba400000,0x00000000baf9f820,0x00000000bb900000)
}
Event: 9,095 GC heap before
{Heap before GC invocations=9 (full 0):
 PSYoungGen      total 125440K, used 123808K [0x00000000ec300000, 0x00000000f4200000, 0x0000000100000000)
  eden space 122368K, 100% used [0x00000000ec300000,0x00000000f3a80000,0x00000000f3a80000)
  from space 3072K, 46% used [0x00000000f3e00000,0x00000000f3f68000,0x00000000f4100000)
  to   space 3584K, 0% used [0x00000000f3a80000,0x00000000f3a80000,0x00000000f3e00000)
 ParOldGen       total 40448K, used 2184K [0x00000000c4a00000, 0x00000000c7180000, 0x00000000ec300000)
  object space 40448K, 5% used [0x00000000c4a00000,0x00000000c4c22230,0x00000000c7180000)
 PSPermGen       total 21504K, used 11933K [0x00000000ba400000, 0x00000000bb900000, 0x00000000c4a00000)
  object space 21504K, 55% used [0x00000000ba400000,0x00000000bafa7738,0x00000000bb900000)
Event: 9,483 GC heap after
Heap after GC invocations=9 (full 0):
 PSYoungGen      total 125952K, used 2432K [0x00000000ec300000, 0x00000000f8980000, 0x0000000100000000)
  eden space 122368K, 0% used [0x00000000ec300000,0x00000000ec300000,0x00000000f3a80000)
  from space 3584K, 67% used [0x00000000f3a80000,0x00000000f3ce0000,0x00000000f3e00000)
  to   space 3584K, 0% used [0x00000000f8600000,0x00000000f8600000,0x00000000f8980000)
 ParOldGen       total 40448K, used 2232K [0x00000000c4a00000, 0x00000000c7180000, 0x00000000ec300000)
  object space 40448K, 5% used [0x00000000c4a00000,0x00000000c4c2e230,0x00000000c7180000)
 PSPermGen       total 21504K, used 11933K [0x00000000ba400000, 0x00000000bb900000, 0x00000000c4a00000)
  object space 21504K, 55% used [0x00000000ba400000,0x00000000bafa7738,0x00000000bb900000)
}

