# JRE version: OpenJDK Runtime Environment (7.0_79-b14) (build 1.7.0_79-b14)
# Java VM: OpenJDK 64-Bit Server VM (24.79-b02 mixed mode linux-amd64 compressed oops)
Heap
 PSYoungGen      total 33280K, used 12811K [0x00000000ec300000, 0x00000000f0500000, 0x0000000100000000)
  eden space 30720K, 34% used [0x00000000ec300000,0x00000000ecd36790,0x00000000ee100000)
  from space 2560K, 91% used [0x00000000ee100000,0x00000000ee34c840,0x00000000ee380000)
  to   space 3072K, 0% used [0x00000000f0200000,0x00000000f0200000,0x00000000f0500000)
 ParOldGen       total 40448K, used 85K [0x00000000c4a00000, 0x00000000c7180000, 0x00000000ec300000)
  object space 40448K, 0% used [0x00000000c4a00000,0x00000000c4a156f8,0x00000000c7180000)
 PSPermGen       total 21504K, used 11835K [0x00000000ba400000, 0x00000000bb900000, 0x00000000c4a00000)
  object space 21504K, 55% used [0x00000000ba400000,0x00000000baf8ec38,0x00000000bb900000)
GC Heap History (10 events):
Event: 5,849 GC heap before
{Heap before GC invocations=1 (full 0):
 PSYoungGen      total 17920K, used 15360K [0x00000000ec300000, 0x00000000ed700000, 0x0000000100000000)
  eden space 15360K, 100% used [0x00000000ec300000,0x00000000ed200000,0x00000000ed200000)
  from space 2560K, 0% used [0x00000000ed480000,0x00000000ed480000,0x00000000ed700000)
  to   space 2560K, 0% used [0x00000000ed200000,0x00000000ed200000,0x00000000ed480000)
 ParOldGen       total 40448K, used 0K [0x00000000c4a00000, 0x00000000c7180000, 0x00000000ec300000)
  object space 40448K, 0% used [0x00000000c4a00000,0x00000000c4a00000,0x00000000c7180000)
 PSPermGen       total 21504K, used 11685K [0x00000000ba400000, 0x00000000bb900000, 0x00000000c4a00000)
  object space 21504K, 54% used [0x00000000ba400000,0x00000000baf69678,0x00000000bb900000)
Event: 5,864 GC heap after
Heap after GC invocations=1 (full 0):
 PSYoungGen      total 17920K, used 2548K [0x00000000ec300000, 0x00000000ed700000, 0x0000000100000000)
  eden space 15360K, 0% used [0x00000000ec300000,0x00000000ec300000,0x00000000ed200000)
  from space 2560K, 99% used [0x00000000ed200000,0x00000000ed47d2e0,0x00000000ed480000)
  to   space 2560K, 0% used [0x00000000ed480000,0x00000000ed480000,0x00000000ed700000)
 ParOldGen       total 40448K, used 61K [0x00000000c4a00000, 0x00000000c7180000, 0x00000000ec300000)
  object space 40448K, 0% used [0x00000000c4a00000,0x00000000c4a0f6f8,0x00000000c7180000)
 PSPermGen       total 21504K, used 11685K [0x00000000ba400000, 0x00000000bb900000, 0x00000000c4a00000)
  object space 21504K, 54% used [0x00000000ba400000,0x00000000baf69678,0x00000000bb900000)
}
Event: 6,027 GC heap before
{Heap before GC invocations=2 (full 0):
 PSYoungGen      total 17920K, used 17908K [0x00000000ec300000, 0x00000000ed700000, 0x0000000100000000)
  eden space 15360K, 100% used [0x00000000ec300000,0x00000000ed200000,0x00000000ed200000)
  from space 2560K, 99% used [0x00000000ed200000,0x00000000ed47d2e0,0x00000000ed480000)
  to   space 2560K, 0% used [0x00000000ed480000,0x00000000ed480000,0x00000000ed700000)
 ParOldGen       total 40448K, used 61K [0x00000000c4a00000, 0x00000000c7180000, 0x00000000ec300000)
  object space 40448K, 0% used [0x00000000c4a00000,0x00000000c4a0f6f8,0x00000000c7180000)
 PSPermGen       total 21504K, used 11787K [0x00000000ba400000, 0x00000000bb900000, 0x00000000c4a00000)
  object space 21504K, 54% used [0x00000000ba400000,0x00000000baf82d38,0x00000000bb900000)
Event: 6,035 GC heap after
Heap after GC invocations=2 (full 0):
 PSYoungGen      total 17920K, used 2114K [0x00000000ec300000, 0x00000000ee600000, 0x0000000100000000)
  eden space 15360K, 0% used [0x00000000ec300000,0x00000000ec300000,0x00000000ed200000)
  from space 2560K, 82% used [0x00000000ed480000,0x00000000ed690830,0x00000000ed700000)
  to   space 2560K, 0% used [0x00000000ed200000,0x00000000ed200000,0x00000000ed480000)
 ParOldGen       total 40448K, used 69K [0x00000000c4a00000, 0x00000000c7180000, 0x00000000ec300000)
  object space 40448K, 0% used [0x00000000c4a00000,0x00000000c4a116f8,0x00000000c7180000)
 PSPermGen       total 21504K, used 11787K [0x00000000ba400000, 0x00000000bb900000, 0x00000000c4a00000)
  object space 21504K, 54% used [0x00000000ba400000,0x00000000baf82d38,0x00000000bb900000)
}
Event: 6,327 GC heap before
{Heap before GC invocations=3 (full 0):
 PSYoungGen      total 17920K, used 17474K [0x00000000ec300000, 0x00000000ee600000, 0x0000000100000000)
  eden space 15360K, 100% used [0x00000000ec300000,0x00000000ed200000,0x00000000ed200000)
  from space 2560K, 82% used [0x00000000ed480000,0x00000000ed690830,0x00000000ed700000)
  to   space 2560K, 0% used [0x00000000ed200000,0x00000000ed200000,0x00000000ed480000)
 ParOldGen       total 40448K, used 69K [0x00000000c4a00000, 0x00000000c7180000, 0x00000000ec300000)
  object space 40448K, 0% used [0x00000000c4a00000,0x00000000c4a116f8,0x00000000c7180000)
 PSPermGen       total 21504K, used 11806K [0x00000000ba400000, 0x00000000bb900000, 0x00000000c4a00000)
  object space 21504K, 54% used [0x00000000ba400000,0x00000000baf87aa8,0x00000000bb900000)
Event: 6,344 GC heap after
Heap after GC invocations=3 (full 0):
 PSYoungGen      total 17920K, used 2176K [0x00000000ec300000, 0x00000000ee600000, 0x0000000100000000)
  eden space 15360K, 0% used [0x00000000ec300000,0x00000000ec300000,0x00000000ed200000)
  from space 2560K, 85% used [0x00000000ed200000,0x00000000ed420020,0x00000000ed480000)
  to   space 2560K, 0% used [0x00000000ee380000,0x00000000ee380000,0x00000000ee600000)
 ParOldGen       total 40448K, used 69K [0x00000000c4a00000, 0x00000000c7180000, 0x00000000ec300000)
  object space 40448K, 0% used [0x00000000c4a00000,0x00000000c4a116f8,0x00000000c7180000)
 PSPermGen       total 21504K, used 11806K [0x00000000ba400000, 0x00000000bb900000, 0x00000000c4a00000)
  object space 21504K, 54% used [0x00000000ba400000,0x00000000baf87aa8,0x00000000bb900000)
}
Event: 6,681 GC heap before
{Heap before GC invocations=4 (full 0):
 PSYoungGen      total 17920K, used 17536K [0x00000000ec300000, 0x00000000ee600000, 0x0000000100000000)
  eden space 15360K, 100% used [0x00000000ec300000,0x00000000ed200000,0x00000000ed200000)
  from space 2560K, 85% used [0x00000000ed200000,0x00000000ed420020,0x00000000ed480000)
  to   space 2560K, 0% used [0x00000000ee380000,0x00000000ee380000,0x00000000ee600000)
 ParOldGen       total 40448K, used 69K [0x00000000c4a00000, 0x00000000c7180000, 0x00000000ec300000)
  object space 40448K, 0% used [0x00000000c4a00000,0x00000000c4a116f8,0x00000000c7180000)
 PSPermGen       total 21504K, used 11814K [0x00000000ba400000, 0x00000000bb900000, 0x00000000c4a00000)
  object space 21504K, 54% used [0x00000000ba400000,0x00000000baf89a28,0x00000000bb900000)
Event: 6,689 GC heap after
Heap after GC invocations=4 (full 0):
 PSYoungGen      total 33280K, used 2324K [0x00000000ec300000, 0x00000000ee600000, 0x0000000100000000)
  eden space 30720K, 0% used [0x00000000ec300000,0x00000000ec300000,0x00000000ee100000)
  from space 2560K, 90% used [0x00000000ee380000,0x00000000ee5c5050,0x00000000ee600000)
  to   space 2560K, 0% used [0x00000000ee100000,0x00000000ee100000,0x00000000ee380000)
 ParOldGen       total 40448K, used 77K [0x00000000c4a00000, 0x00000000c7180000, 0x00000000ec300000)
  object space 40448K, 0% used [0x00000000c4a00000,0x00000000c4a136f8,0x00000000c7180000)
 PSPermGen       total 21504K, used 11814K [0x00000000ba400000, 0x00000000bb900000, 0x00000000c4a00000)
  object space 21504K, 54% used [0x00000000ba400000,0x00000000baf89a28,0x00000000bb900000)
}
Event: 7,266 GC heap before
{Heap before GC invocations=5 (full 0):
 PSYoungGen      total 33280K, used 33044K [0x00000000ec300000, 0x00000000ee600000, 0x0000000100000000)
  eden space 30720K, 100% used [0x00000000ec300000,0x00000000ee100000,0x00000000ee100000)
  from space 2560K, 90% used [0x00000000ee380000,0x00000000ee5c5050,0x00000000ee600000)
  to   space 2560K, 0% used [0x00000000ee100000,0x00000000ee100000,0x00000000ee380000)
 ParOldGen       total 40448K, used 77K [0x00000000c4a00000, 0x00000000c7180000, 0x00000000ec300000)
  object space 40448K, 0% used [0x00000000c4a00000,0x00000000c4a136f8,0x00000000c7180000)
 PSPermGen       total 21504K, used 11817K [0x00000000ba400000, 0x00000000bb900000, 0x00000000c4a00000)
  object space 21504K, 54% used [0x00000000ba400000,0x00000000baf8a628,0x00000000bb900000)
Event: 7,273 GC heap after
Heap after GC invocations=5 (full 0):
 PSYoungGen      total 33280K, used 2354K [0x00000000ec300000, 0x00000000f0500000, 0x0000000100000000)
  eden space 30720K, 0% used [0x00000000ec300000,0x00000000ec300000,0x00000000ee100000)
  from space 2560K, 91% used [0x00000000ee100000,0x00000000ee34c840,0x00000000ee380000)
  to   space 3072K, 0% used [0x00000000f0200000,0x00000000f0200000,0x00000000f0500000)
 ParOldGen       total 40448K, used 85K [0x00000000c4a00000, 0x00000000c7180000, 0x00000000ec300000)
  object space 40448K, 0% used [0x00000000c4a00000,0x00000000c4a156f8,0x00000000c7180000)
 PSPermGen       total 21504K, used 11817K [0x00000000ba400000, 0x00000000bb900000, 0x00000000c4a00000)
  object space 21504K, 54% used [0x00000000ba400000,0x00000000baf8a628,0x00000000bb900000)
}

