# JRE version: OpenJDK Runtime Environment (7.0_79-b14) (build 1.7.0_79-b14)
# Java VM: OpenJDK 64-Bit Server VM (24.79-b02 mixed mode linux-amd64 compressed oops)
Heap
 PSYoungGen      total 18944K, used 12451K [0x00000007d5500000, 0x00000007d7a00000, 0x0000000800000000)
  eden space 16384K, 61% used [0x00000007d5500000,0x00000007d5ec43f0,0x00000007d6500000)
  from space 2560K, 95% used [0x00000007d6780000,0x00000007d69e4820,0x00000007d6a00000)
  to   space 2560K, 0% used [0x00000007d6500000,0x00000007d6500000,0x00000007d6780000)
 ParOldGen       total 41984K, used 267K [0x0000000780000000, 0x0000000782900000, 0x00000007d5500000)
  object space 41984K, 0% used [0x0000000780000000,0x0000000780042c28,0x0000000782900000)
 PSPermGen       total 21504K, used 14010K [0x0000000775a00000, 0x0000000776f00000, 0x0000000780000000)
  object space 21504K, 65% used [0x0000000775a00000,0x00000007767ae940,0x0000000776f00000)
GC Heap History (4 events):
Event: 15.915 GC heap before
{Heap before GC invocations=1 (full 0):
 PSYoungGen      total 18944K, used 16384K [0x00000007d5500000, 0x00000007d6a00000, 0x0000000800000000)
  eden space 16384K, 100% used [0x00000007d5500000,0x00000007d6500000,0x00000007d6500000)
  from space 2560K, 0% used [0x00000007d6780000,0x00000007d6780000,0x00000007d6a00000)
  to   space 2560K, 0% used [0x00000007d6500000,0x00000007d6500000,0x00000007d6780000)
 ParOldGen       total 41984K, used 0K [0x0000000780000000, 0x0000000782900000, 0x00000007d5500000)
  object space 41984K, 0% used [0x0000000780000000,0x0000000780000000,0x0000000782900000)
 PSPermGen       total 21504K, used 13761K [0x0000000775a00000, 0x0000000776f00000, 0x0000000780000000)
  object space 21504K, 63% used [0x0000000775a00000,0x00000007767707f8,0x0000000776f00000)
Event: 15.924 GC heap after
Heap after GC invocations=1 (full 0):
 PSYoungGen      total 18944K, used 2530K [0x00000007d5500000, 0x00000007d6a00000, 0x0000000800000000)
  eden space 16384K, 0% used [0x00000007d5500000,0x00000007d5500000,0x00000007d6500000)
  from space 2560K, 98% used [0x00000007d6500000,0x00000007d6778ac0,0x00000007d6780000)
  to   space 2560K, 0% used [0x00000007d6780000,0x00000007d6780000,0x00000007d6a00000)
 ParOldGen       total 41984K, used 259K [0x0000000780000000, 0x0000000782900000, 0x00000007d5500000)
  object space 41984K, 0% used [0x0000000780000000,0x0000000780040c28,0x0000000782900000)
 PSPermGen       total 21504K, used 13761K [0x0000000775a00000, 0x0000000776f00000, 0x0000000780000000)
  object space 21504K, 63% used [0x0000000775a00000,0x00000007767707f8,0x0000000776f00000)
}
Event: 16.562 GC heap before
{Heap before GC invocations=2 (full 0):
 PSYoungGen      total 18944K, used 18914K [0x00000007d5500000, 0x00000007d6a00000, 0x0000000800000000)
  eden space 16384K, 100% used [0x00000007d5500000,0x00000007d6500000,0x00000007d6500000)
  from space 2560K, 98% used [0x00000007d6500000,0x00000007d6778ac0,0x00000007d6780000)
  to   space 2560K, 0% used [0x00000007d6780000,0x00000007d6780000,0x00000007d6a00000)
 ParOldGen       total 41984K, used 259K [0x0000000780000000, 0x0000000782900000, 0x00000007d5500000)
  object space 41984K, 0% used [0x0000000780000000,0x0000000780040c28,0x0000000782900000)
 PSPermGen       total 21504K, used 14003K [0x0000000775a00000, 0x0000000776f00000, 0x0000000780000000)
  object space 21504K, 65% used [0x0000000775a00000,0x00000007767acd68,0x0000000776f00000)
Event: 16.585 GC heap after
Heap after GC invocations=2 (full 0):
 PSYoungGen      total 18944K, used 2450K [0x00000007d5500000, 0x00000007d7a00000, 0x0000000800000000)
  eden space 16384K, 0% used [0x00000007d5500000,0x00000007d5500000,0x00000007d6500000)
  from space 2560K, 95% used [0x00000007d6780000,0x00000007d69e4820,0x00000007d6a00000)
  to   space 2560K, 0% used [0x00000007d6500000,0x00000007d6500000,0x00000007d6780000)
 ParOldGen       total 41984K, used 267K [0x0000000780000000, 0x0000000782900000, 0x00000007d5500000)
  object space 41984K, 0% used [0x0000000780000000,0x0000000780042c28,0x0000000782900000)
 PSPermGen       total 21504K, used 14003K [0x0000000775a00000, 0x0000000776f00000, 0x0000000780000000)
  object space 21504K, 65% used [0x0000000775a00000,0x00000007767acd68,0x0000000776f00000)
}

