# JRE version: OpenJDK Runtime Environment (7.0_79-b14) (build 1.7.0_79-b14)
# Java VM: OpenJDK 64-Bit Server VM (24.79-b02 mixed mode linux-amd64 compressed oops)
Heap
 PSYoungGen      total 18944K, used 5742K [0x00000007d5500000, 0x00000007d7a00000, 0x0000000800000000)
  eden space 16384K, 20% used [0x00000007d5500000,0x00000007d5833980,0x00000007d6500000)
  from space 2560K, 96% used [0x00000007d6500000,0x00000007d6768020,0x00000007d6780000)
  to   space 2560K, 0% used [0x00000007d7780000,0x00000007d7780000,0x00000007d7a00000)
 ParOldGen       total 41984K, used 321K [0x0000000780000000, 0x0000000782900000, 0x00000007d5500000)
  object space 41984K, 0% used [0x0000000780000000,0x00000007800504f8,0x0000000782900000)
 PSPermGen       total 21504K, used 13985K [0x0000000775a00000, 0x0000000776f00000, 0x0000000780000000)
  object space 21504K, 65% used [0x0000000775a00000,0x00000007767a8408,0x0000000776f00000)
GC Heap History (6 events):
Event: 25.267 GC heap before
{Heap before GC invocations=1 (full 0):
 PSYoungGen      total 18944K, used 16384K [0x00000007d5500000, 0x00000007d6a00000, 0x0000000800000000)
  eden space 16384K, 100% used [0x00000007d5500000,0x00000007d6500000,0x00000007d6500000)
  from space 2560K, 0% used [0x00000007d6780000,0x00000007d6780000,0x00000007d6a00000)
  to   space 2560K, 0% used [0x00000007d6500000,0x00000007d6500000,0x00000007d6780000)
 ParOldGen       total 41984K, used 0K [0x0000000780000000, 0x0000000782900000, 0x00000007d5500000)
  object space 41984K, 0% used [0x0000000780000000,0x0000000780000000,0x0000000782900000)
 PSPermGen       total 21504K, used 13752K [0x0000000775a00000, 0x0000000776f00000, 0x0000000780000000)
  object space 21504K, 63% used [0x0000000775a00000,0x000000077676e3d8,0x0000000776f00000)
Event: 25.292 GC heap after
Heap after GC invocations=1 (full 0):
 PSYoungGen      total 18944K, used 2548K [0x00000007d5500000, 0x00000007d6a00000, 0x0000000800000000)
  eden space 16384K, 0% used [0x00000007d5500000,0x00000007d5500000,0x00000007d6500000)
  from space 2560K, 99% used [0x00000007d6500000,0x00000007d677d2e0,0x00000007d6780000)
  to   space 2560K, 0% used [0x00000007d6780000,0x00000007d6780000,0x00000007d6a00000)
 ParOldGen       total 41984K, used 305K [0x0000000780000000, 0x0000000782900000, 0x00000007d5500000)
  object space 41984K, 0% used [0x0000000780000000,0x000000078004c4f8,0x0000000782900000)
 PSPermGen       total 21504K, used 13752K [0x0000000775a00000, 0x0000000776f00000, 0x0000000780000000)
  object space 21504K, 63% used [0x0000000775a00000,0x000000077676e3d8,0x0000000776f00000)
}
Event: 26.182 GC heap before
{Heap before GC invocations=2 (full 0):
 PSYoungGen      total 18944K, used 18932K [0x00000007d5500000, 0x00000007d6a00000, 0x0000000800000000)
  eden space 16384K, 100% used [0x00000007d5500000,0x00000007d6500000,0x00000007d6500000)
  from space 2560K, 99% used [0x00000007d6500000,0x00000007d677d2e0,0x00000007d6780000)
  to   space 2560K, 0% used [0x00000007d6780000,0x00000007d6780000,0x00000007d6a00000)
 ParOldGen       total 41984K, used 305K [0x0000000780000000, 0x0000000782900000, 0x00000007d5500000)
  object space 41984K, 0% used [0x0000000780000000,0x000000078004c4f8,0x0000000782900000)
 PSPermGen       total 21504K, used 13975K [0x0000000775a00000, 0x0000000776f00000, 0x0000000780000000)
  object space 21504K, 64% used [0x0000000775a00000,0x00000007767a5f38,0x0000000776f00000)
Event: 26.232 GC heap after
Heap after GC invocations=2 (full 0):
 PSYoungGen      total 18944K, used 2468K [0x00000007d5500000, 0x00000007d7a00000, 0x0000000800000000)
  eden space 16384K, 0% used [0x00000007d5500000,0x00000007d5500000,0x00000007d6500000)
  from space 2560K, 96% used [0x00000007d6780000,0x00000007d69e9040,0x00000007d6a00000)
  to   space 2560K, 0% used [0x00000007d6500000,0x00000007d6500000,0x00000007d6780000)
 ParOldGen       total 41984K, used 313K [0x0000000780000000, 0x0000000782900000, 0x00000007d5500000)
  object space 41984K, 0% used [0x0000000780000000,0x000000078004e4f8,0x0000000782900000)
 PSPermGen       total 21504K, used 13975K [0x0000000775a00000, 0x0000000776f00000, 0x0000000780000000)
  object space 21504K, 64% used [0x0000000775a00000,0x00000007767a5f38,0x0000000776f00000)
}
Event: 26.817 GC heap before
{Heap before GC invocations=3 (full 0):
 PSYoungGen      total 18944K, used 18852K [0x00000007d5500000, 0x00000007d7a00000, 0x0000000800000000)
  eden space 16384K, 100% used [0x00000007d5500000,0x00000007d6500000,0x00000007d6500000)
  from space 2560K, 96% used [0x00000007d6780000,0x00000007d69e9040,0x00000007d6a00000)
  to   space 2560K, 0% used [0x00000007d6500000,0x00000007d6500000,0x00000007d6780000)
 ParOldGen       total 41984K, used 313K [0x0000000780000000, 0x0000000782900000, 0x00000007d5500000)
  object space 41984K, 0% used [0x0000000780000000,0x000000078004e4f8,0x0000000782900000)
 PSPermGen       total 21504K, used 13984K [0x0000000775a00000, 0x0000000776f00000, 0x0000000780000000)
  object space 21504K, 65% used [0x0000000775a00000,0x00000007767a83e8,0x0000000776f00000)
Event: 26.859 GC heap after
Heap after GC invocations=3 (full 0):
 PSYoungGen      total 18944K, used 2464K [0x00000007d5500000, 0x00000007d7a00000, 0x0000000800000000)
  eden space 16384K, 0% used [0x00000007d5500000,0x00000007d5500000,0x00000007d6500000)
  from space 2560K, 96% used [0x00000007d6500000,0x00000007d6768020,0x00000007d6780000)
  to   space 2560K, 0% used [0x00000007d7780000,0x00000007d7780000,0x00000007d7a00000)
 ParOldGen       total 41984K, used 321K [0x0000000780000000, 0x0000000782900000, 0x00000007d5500000)
  object space 41984K, 0% used [0x0000000780000000,0x00000007800504f8,0x0000000782900000)
 PSPermGen       total 21504K, used 13984K [0x0000000775a00000, 0x0000000776f00000, 0x0000000780000000)
  object space 21504K, 65% used [0x0000000775a00000,0x00000007767a83e8,0x0000000776f00000)
}

